<?xml version="1.0" encoding="UTF-8"?>
<!-- Generated by org.testng.reporters.JUnitXMLReporter -->
<testsuite ignored="1" hostname="W-PF3Y0E9X" failures="0" tests="1" name="Default test" time="9.822" errors="0" timestamp="2023-02-19T12:27:09 IST">
  <testcase classname="demoTest.MockTest" name="phoneNumbersTest" time="9.669"/>
  <testcase classname="demoTest.MockTest" name="phoneNumbersTypeTest" time="0.0">
    <ignored/>
  </testcase> <!-- phoneNumbersTypeTest -->
</testsuite> <!-- Default test -->
