<?xml version="1.0" encoding="UTF-8"?>
<testng-results ignored="1" total="2" passed="1" failed="0" skipped="0">
  <reporter-output>
  </reporter-output>
  <suite started-at="2023-02-19T12:26:59 IST" name="Default suite" finished-at="2023-02-19T12:27:09 IST" duration-ms="9822">
    <groups>
    </groups>
    <test started-at="2023-02-19T12:26:59 IST" name="Default test" finished-at="2023-02-19T12:27:09 IST" duration-ms="9822">
      <class name="demoTest.MockTest">
        <test-method signature="phoneNumbersTest()[pri:0, instance:demoTest.MockTest@3e6ef8ad]" started-at="2023-02-19T12:26:59 IST" name="phoneNumbersTest" finished-at="2023-02-19T12:27:09 IST" duration-ms="9669" status="PASS">
          <reporter-output>
          </reporter-output>
        </test-method> <!-- phoneNumbersTest -->
      </class> <!-- demoTest.MockTest -->
    </test> <!-- Default test -->
  </suite> <!-- Default suite -->
</testng-results>
